<?xml version="1.0" encoding="UTF-8"?>
<testng-results ignored="0" total="4" passed="4" failed="0" skipped="0">
  <reporter-output>
  </reporter-output>
  <suite started-at="2025-03-28T10:05:10 IST" name="Default suite" finished-at="2025-03-28T10:05:51 IST" duration-ms="40563">
    <groups>
    </groups>
    <test started-at="2025-03-28T10:05:10 IST" name="Default test" finished-at="2025-03-28T10:05:51 IST" duration-ms="40563">
      <class name="dataDrivenTesting.TestDataDriven">
        <test-method signature="testcase1(java.lang.String,java.lang.String)[pri:0, instance:dataDrivenTesting.TestDataDriven@510f3d34]" started-at="2025-03-28T10:05:10 IST" name="testcase1" data-provider="dp" finished-at="2025-03-28T10:05:21 IST" duration-ms="11150" status="PASS">
          <params>
            <param index="0">
              <value>
                <![CDATA[sadar]]>
              </value>
            </param>
            <param index="1">
              <value>
                <![CDATA[sadar]]>
              </value>
            </param>
          </params>
          <reporter-output>
          </reporter-output>
        </test-method> <!-- testcase1 -->
        <test-method signature="testcase1(java.lang.String,java.lang.String)[pri:0, instance:dataDrivenTesting.TestDataDriven@510f3d34]" started-at="2025-03-28T10:05:21 IST" name="testcase1" data-provider="dp" finished-at="2025-03-28T10:05:32 IST" duration-ms="10378" status="PASS">
          <params>
            <param index="0">
              <value>
                <![CDATA[sadar]]>
              </value>
            </param>
            <param index="1">
              <value>
                <![CDATA[sadar]]>
              </value>
            </param>
          </params>
          <reporter-output>
          </reporter-output>
        </test-method> <!-- testcase1 -->
        <test-method signature="testcase1(java.lang.String,java.lang.String)[pri:0, instance:dataDrivenTesting.TestDataDriven@510f3d34]" started-at="2025-03-28T10:05:32 IST" name="testcase1" data-provider="dp" finished-at="2025-03-28T10:05:41 IST" duration-ms="9440" status="PASS">
          <params>
            <param index="0">
              <value>
                <![CDATA[sadar]]>
              </value>
            </param>
            <param index="1">
              <value>
                <![CDATA[sadar]]>
              </value>
            </param>
          </params>
          <reporter-output>
          </reporter-output>
        </test-method> <!-- testcase1 -->
        <test-method signature="testcase1(java.lang.String,java.lang.String)[pri:0, instance:dataDrivenTesting.TestDataDriven@510f3d34]" started-at="2025-03-28T10:05:41 IST" name="testcase1" data-provider="dp" finished-at="2025-03-28T10:05:51 IST" duration-ms="9520" status="PASS">
          <params>
            <param index="0">
              <value>
                <![CDATA[sadar]]>
              </value>
            </param>
            <param index="1">
              <value>
                <![CDATA[sadar]]>
              </value>
            </param>
          </params>
          <reporter-output>
          </reporter-output>
        </test-method> <!-- testcase1 -->
      </class> <!-- dataDrivenTesting.TestDataDriven -->
    </test> <!-- Default test -->
  </suite> <!-- Default suite -->
</testng-results>
