<?xml version="1.0" encoding="UTF-8"?>
<!-- Generated by org.testng.reporters.JUnitXMLReporter -->
<testsuite ignored="0" hostname="DESKTOP-95RODFH" failures="0" tests="4" name="Default test" time="40.563" errors="0" timestamp="2025-03-28T10:05:51 IST">
  <testcase classname="dataDrivenTesting.TestDataDriven" name="testcase1" time="11.15"/>
  <testcase classname="dataDrivenTesting.TestDataDriven" name="testcase1" time="10.378"/>
  <testcase classname="dataDrivenTesting.TestDataDriven" name="testcase1" time="9.44"/>
  <testcase classname="dataDrivenTesting.TestDataDriven" name="testcase1" time="9.52"/>
</testsuite> <!-- Default test -->
